[debug] [2021-02-01T13:58:07.455Z] ----------------------------------------------------------------------
[debug] [2021-02-01T13:58:07.457Z] Command:       /usr/local/Cellar/node/14.13.0/bin/node /usr/local/bin/firebase init
[debug] [2021-02-01T13:58:07.457Z] CLI Version:   9.2.2
[debug] [2021-02-01T13:58:07.457Z] Platform:      darwin
[debug] [2021-02-01T13:58:07.457Z] Node Version:  v14.13.0
[debug] [2021-02-01T13:58:07.458Z] Time:          Mon Feb 01 2021 07:58:07 GMT-0600 (Central Standard Time)
[debug] [2021-02-01T13:58:07.458Z] ----------------------------------------------------------------------
[debug] [2021-02-01T13:58:07.458Z] 
[debug] [2021-02-01T13:58:07.462Z] > command requires scopes: ["email","openid","https://www.googleapis.com/auth/cloudplatformprojects.readonly","https://www.googleapis.com/auth/firebase","https://www.googleapis.com/auth/cloud-platform"]
[debug] [2021-02-01T13:58:07.462Z] > authorizing via signed-in user
[info] 
     ######## #### ########  ######## ########     ###     ######  ########
     ##        ##  ##     ## ##       ##     ##  ##   ##  ##       ##
     ######    ##  ########  ######   ########  #########  ######  ######
     ##        ##  ##    ##  ##       ##     ## ##     ##       ## ##
     ##       #### ##     ## ######## ########  ##     ##  ######  ########

You're about to initialize a Firebase project in this directory:

  /Users/kel2649/Side/games/tower-defense

[info] 
=== Project Setup
[info] 
[info] First, let's associate this project directory with a Firebase project.
[info] You can create multiple project aliases by running firebase use --add, 
[info] but for now we'll just set up a default project.
[info] 
[debug] [2021-02-01T13:58:21.364Z] >>> [apiv2][query] GET https://firebase.googleapis.com/v1beta1/projects pageSize=100
[debug] [2021-02-01T13:58:21.728Z] <<< [apiv2][status] GET https://firebase.googleapis.com/v1beta1/projects 200
[debug] [2021-02-01T13:58:21.729Z] <<< [apiv2][body] GET https://firebase.googleapis.com/v1beta1/projects [omitted]
[info] i  Using project tower-defense-e1fe0 (tower-defense) 
[info] 
=== Hosting Setup
[info] 
[info] Your public directory is the folder (relative to your project directory) that
[info] will contain Hosting assets to be uploaded with firebase deploy. If you
[info] have a build process for your assets, use your build's output directory.
[info] 
[info] ✔  Wrote public/404.html 
[debug] [2021-02-01T13:58:55.530Z] >>> [apiv2][query] GET https://www.gstatic.com/firebasejs/releases.json [none]
[debug] [2021-02-01T13:58:55.641Z] <<< [apiv2][status] GET https://www.gstatic.com/firebasejs/releases.json 200
[debug] [2021-02-01T13:58:55.642Z] <<< [apiv2][body] GET https://www.gstatic.com/firebasejs/releases.json {"current":{"version":"8.2.5","browserURL":"https://www.gstatic.com/firebasejs/8.2.5/firebase.js","packageURL":"https://www.gstatic.com/firebasejs/8.2.5/firebase.tgz"},"live":{"version":"8.2","browserURL":"https://www.gstatic.com/firebasejs/live/8.2/firebase.js","packageURL":"https://www.gstatic.com/firebasejs/live/8.2/firebase.tgz"},"components":{"analytics":"https://www.gstatic.com/firebasejs/8.2.5/firebase-analytics.js","app":"https://www.gstatic.com/firebasejs/8.2.5/firebase-app.js","auth":"https://www.gstatic.com/firebasejs/8.2.5/firebase-auth.js","database":"https://www.gstatic.com/firebasejs/8.2.5/firebase-database.js","firestore":"https://www.gstatic.com/firebasejs/8.2.5/firebase-firestore.js","functions":"https://www.gstatic.com/firebasejs/8.2.5/firebase-functions.js","installations":"https://www.gstatic.com/firebasejs/8.2.5/firebase-installations.js","messaging":"https://www.gstatic.com/firebasejs/8.2.5/firebase-messaging.js","storage":"https://www.gstatic.com/firebasejs/8.2.5/firebase-storage.js","performance":"https://www.gstatic.com/firebasejs/8.2.5/firebase-performance.js","remote-config":"https://www.gstatic.com/firebasejs/8.2.5/firebase-remote-config.js","firestore.memory":"https://www.gstatic.com/firebasejs/8.2.5/firebase-firestore.memory.js"}}
[info] ✔  Wrote public/index.html 
[info] 
[info] i  Didn't detect a .git folder. Assuming /Users/kel2649/Side/games/tower-defense is the project root. 
[info] i  Authorizing with GitHub to upload your service account to a GitHub repository's secrets store. 
[info] 
[info] Visit this URL on this device to log in:
[info] https://github.com/login/oauth/authorize?client_id=89cf50f02ac6aaed3484&state=670725364&redirect_uri=http%3A%2F%2Flocalhost%3A9005&scope=read%3Auser%20repo%20public_repo
[info] 
[info] Waiting for authentication...
[debug] [2021-02-01T13:59:11.464Z] >>> HTTP REQUEST POST https://github.com/login/oauth/access_token  
 {"client_id":"89cf50f02ac6aaed3484","client_secret":"3330d14abc895d9a74d5f17cd7a00711fa2c5bf0","code":"804087b8684b0b967262","redirect_uri":"http://localhost:9005","state":"670725364"}
[debug] [2021-02-01T13:59:11.711Z] <<< HTTP RESPONSE 200 {"server":"GitHub.com","date":"Mon, 01 Feb 2021 13:59:10 GMT","content-type":"application/json; charset=utf-8","transfer-encoding":"chunked","status":"200 OK","vary":"X-PJAX, Accept-Encoding, Accept, X-Requested-With","etag":"W/\"44bbd5a1cd6a43bf4baafd31edf3baff\"","cache-control":"max-age=0, private, must-revalidate","strict-transport-security":"max-age=31536000; includeSubdomains; preload","x-frame-options":"deny","x-content-type-options":"nosniff","x-xss-protection":"1; mode=block","referrer-policy":"origin-when-cross-origin, strict-origin-when-cross-origin","expect-ct":"max-age=2592000, report-uri=\"https://api.github.com/_private/browser/errors\"","content-security-policy":"default-src 'none'; base-uri 'self'; block-all-mixed-content; connect-src 'self' uploads.github.com www.githubstatus.com collector.githubapp.com api.github.com github-cloud.s3.amazonaws.com github-production-repository-file-5c1aeb.s3.amazonaws.com github-production-upload-manifest-file-7fdce7.s3.amazonaws.com github-production-user-asset-6210df.s3.amazonaws.com cdn.optimizely.com logx.optimizely.com/v1/events wss://alive.github.com; font-src github.githubassets.com; form-action 'self' github.com gist.github.com; frame-ancestors 'none'; frame-src render.githubusercontent.com; img-src 'self' data: github.githubassets.com identicons.github.com collector.githubapp.com github-cloud.s3.amazonaws.com *.githubusercontent.com; manifest-src 'self'; media-src 'none'; script-src github.githubassets.com; style-src 'unsafe-inline' github.githubassets.com; worker-src github.com/socket-worker-5029ae85.js gist.github.com/socket-worker-5029ae85.js","x-github-request-id":"D580:0D10:1E7EAB3:2A6C0C5:6018092E"}
[debug] [2021-02-01T13:59:11.712Z] >>> [apiv2][query] GET https://api.github.com/user [none]
[debug] [2021-02-01T13:59:11.970Z] <<< [apiv2][status] GET https://api.github.com/user 200
[debug] [2021-02-01T13:59:11.970Z] <<< [apiv2][body] GET https://api.github.com/user {"login":"Staceadam","id":20979478,"node_id":"MDQ6VXNlcjIwOTc5NDc4","avatar_url":"https://avatars.githubusercontent.com/u/20979478?v=4","gravatar_id":"","url":"https://api.github.com/users/Staceadam","html_url":"https://github.com/Staceadam","followers_url":"https://api.github.com/users/Staceadam/followers","following_url":"https://api.github.com/users/Staceadam/following{/other_user}","gists_url":"https://api.github.com/users/Staceadam/gists{/gist_id}","starred_url":"https://api.github.com/users/Staceadam/starred{/owner}{/repo}","subscriptions_url":"https://api.github.com/users/Staceadam/subscriptions","organizations_url":"https://api.github.com/users/Staceadam/orgs","repos_url":"https://api.github.com/users/Staceadam/repos","events_url":"https://api.github.com/users/Staceadam/events{/privacy}","received_events_url":"https://api.github.com/users/Staceadam/received_events","type":"User","site_admin":false,"name":"Stacy Adam","company":null,"blog":"Stacyadam.io","location":"Madison","email":"Staceadam@gmail.com","hireable":null,"bio":null,"twitter_username":null,"public_repos":18,"public_gists":1,"followers":7,"following":14,"created_at":"2016-08-11T22:45:20Z","updated_at":"2021-02-01T13:59:09Z","private_gists":0,"total_private_repos":6,"owned_private_repos":6,"disk_usage":41736,"collaborators":3,"two_factor_authentication":false,"plan":{"name":"free","space":976562499,"collaborators":0,"private_repos":10000}}
[info] 
[info] ✔  Success! Logged into GitHub as Staceadam 
[info] 
